14:48:10.107 [main] INFO  testCases.TC001_AccountRegistrationTest -  Clicked on Register Link 
14:48:10.122 [main] INFO  testCases.TC001_AccountRegistrationTest -  Providing Customer Details.... 
14:48:16.850 [main] INFO  testCases.TC001_AccountRegistrationTest -  Validating Expected Message... 
14:48:16.909 [main] INFO  testCases.TC001_AccountRegistrationTest - **** Finished TC001_AccountRegistrationTest ****
14:48:19.959 [main] INFO  testCases.TC002_LoginTest - *****Starting TC002_LoginTest*****
14:48:21.708 [main] INFO  testCases.TC002_LoginTest - *****Starting TC002_LoginTest*****
15:00:56.966 [main] INFO  org.testng.internal.Utils - [TestNG] Running:
  C:\Users\Dell\eclipse-workspace\seleniumWebDriver\Opencart\grouping.xml

16:49:40.752 [main] INFO  org.testng.internal.Utils - [TestNG] Running:
  C:\Users\Dell\eclipse-workspace\seleniumWebDriver\Opencart\grouping.xml

16:49:48.115 [main] INFO  testCases.TC001_AccountRegistrationTest - **** Starting TC001_AccountRegistrationTest ****
16:49:49.040 [main] INFO  testCases.TC001_AccountRegistrationTest -  Clicked on MyAccount Link 
16:49:49.799 [main] INFO  testCases.TC001_AccountRegistrationTest -  Clicked on Register Link 
16:49:49.802 [main] INFO  testCases.TC001_AccountRegistrationTest -  Providing Customer Details.... 
16:49:56.472 [main] INFO  testCases.TC001_AccountRegistrationTest -  Validating Expected Message... 
16:49:56.600 [main] INFO  testCases.TC001_AccountRegistrationTest - **** Finished TC001_AccountRegistrationTest ****
16:50:00.297 [main] INFO  testCases.TC002_LoginTest - *****Starting TC002_LoginTest*****
16:50:05.852 [main] INFO  testCases.TC002_LoginTest - *****Starting TC002_LoginTest*****
16:55:14.725 [main] INFO  org.testng.internal.Utils - [TestNG] Running:
  C:\Users\Dell\eclipse-workspace\seleniumWebDriver\Opencart\grouping.xml

16:55:18.537 [main] INFO  testCases.TC001_AccountRegistrationTest - **** Starting TC001_AccountRegistrationTest ****
16:55:19.614 [main] INFO  testCases.TC001_AccountRegistrationTest -  Clicked on MyAccount Link 
16:55:20.425 [main] INFO  testCases.TC001_AccountRegistrationTest -  Clicked on Register Link 
16:55:20.432 [main] INFO  testCases.TC001_AccountRegistrationTest -  Providing Customer Details.... 
16:55:27.313 [main] INFO  testCases.TC001_AccountRegistrationTest -  Validating Expected Message... 
16:55:27.413 [main] INFO  testCases.TC001_AccountRegistrationTest - **** Finished TC001_AccountRegistrationTest ****
16:55:30.746 [main] INFO  testCases.TC002_LoginTest - *****Starting TC002_LoginTest*****
12:39:40.154 [main] INFO  org.testng.internal.Utils - [TestNG] Running:
  C:\Users\Dell\eclipse-workspace\seleniumWebDriver\Opencart\master.xml

12:41:07.501 [main] INFO  org.testng.internal.Utils - [TestNG] Running:
  C:\Users\Dell\eclipse-workspace\seleniumWebDriver\Opencart\master.xml

12:41:13.140 [main] INFO  testCases.TC002_LoginTest - *****Starting TC002_LoginTest*****
12:41:57.060 [main] INFO  org.testng.internal.Utils - [TestNG] Running:
  C:\Users\Dell\eclipse-workspace\seleniumWebDriver\Opencart\master.xml

12:42:02.603 [main] INFO  testCases.TC002_LoginTest - *****Starting TC002_LoginTest*****
12:42:04.466 [main] INFO  testCases.TC002_LoginTest - *****Starting TC002_LoginTest*****
12:44:14.425 [main] INFO  org.testng.internal.Utils - [TestNG] Running:
  C:\Users\Dell\eclipse-workspace\seleniumWebDriver\Opencart\grouping.xml

12:45:22.370 [main] INFO  org.testng.internal.Utils - [TestNG] Running:
  C:\Users\Dell\eclipse-workspace\seleniumWebDriver\Opencart\grouping.xml

12:53:50.268 [main] INFO  org.testng.internal.Utils - [TestNG] Running:
  C:\Users\Dell\eclipse-workspace\seleniumWebDriver\Opencart\grouping.xml

13:03:36.220 [main] INFO  org.testng.internal.Utils - [TestNG] Running:
  C:\Users\Dell\eclipse-workspace\seleniumWebDriver\Opencart\grouping.xml

13:03:45.883 [main] INFO  testCases.TC001_AccountRegistrationTest - **** Starting TC001_AccountRegistrationTest ****
13:03:46.137 [main] INFO  testCases.TC001_AccountRegistrationTest -  Clicked on MyAccount Link 
13:03:46.769 [main] INFO  testCases.TC001_AccountRegistrationTest -  Clicked on Register Link 
13:03:46.772 [main] INFO  testCases.TC001_AccountRegistrationTest -  Providing Customer Details.... 
13:03:53.479 [main] INFO  testCases.TC001_AccountRegistrationTest -  Validating Expected Message... 
13:03:53.546 [main] INFO  testCases.TC001_AccountRegistrationTest - **** Finished TC001_AccountRegistrationTest ****
13:03:58.613 [main] INFO  testCases.TC002_LoginTest - *****Starting TC002_LoginTest*****
13:04:00.335 [main] INFO  testCases.TC002_LoginTest - *****Starting TC002_LoginTest*****
18:44:59.407 [main] INFO  org.testng.internal.Utils - [TestNG] Running:
  C:\Users\Dell\eclipse-workspace\seleniumWebDriver\Opencart\docker-grid.xml

18:45:07.364 [main] INFO  testCases.TC001_AccountRegistrationTest - **** Starting TC001_AccountRegistrationTest ****
18:45:08.549 [main] INFO  testCases.TC001_AccountRegistrationTest -  Clicked on MyAccount Link 
