13:31:27.921 [main] INFO  org.testng.internal.Utils - [TestNG] Running:
  C:\Users\Dell\eclipse-workspace\seleniumWebDriver\Opencart\master.xml

13:31:31.269 [main] INFO  testCases.TC001_AccountRegistrationTest - **** Starting TC001_AccountRegistrationTest ****
13:31:32.127 [main] INFO  testCases.TC001_AccountRegistrationTest -  Clicked on MyAccount Link 
13:31:32.710 [main] INFO  testCases.TC001_AccountRegistrationTest -  Clicked on Register Link 
13:31:32.719 [main] INFO  testCases.TC001_AccountRegistrationTest -  Providing Customer Details.... 
13:31:39.422 [main] INFO  testCases.TC001_AccountRegistrationTest -  Validating Expected Message... 
13:31:39.471 [main] INFO  testCases.TC001_AccountRegistrationTest - **** Finished TC001_AccountRegistrationTest ****
14:21:09.186 [main] INFO  org.testng.internal.Utils - [TestNG] Running:
  C:\Users\Dell\eclipse-workspace\seleniumWebDriver\Opencart\master.xml

14:21:14.366 [main] INFO  testCases.TC002_LoginTest - *****Starting TC002_LoginTest*****
14:21:16.537 [main] INFO  testCases.TC002_LoginTest - *****Starting TC002_LoginTest*****
12:04:45.016 [main] INFO  org.testng.internal.Utils - [TestNG] Running:
  C:\Users\Dell\eclipse-workspace\seleniumWebDriver\Opencart\master.xml

12:06:13.365 [main] INFO  org.testng.internal.Utils - [TestNG] Running:
  C:\Users\Dell\eclipse-workspace\seleniumWebDriver\Opencart\master.xml

12:12:19.952 [main] INFO  org.testng.internal.Utils - [TestNG] Running:
  C:\Users\Dell\eclipse-workspace\seleniumWebDriver\Opencart\master.xml

12:13:54.213 [main] INFO  org.testng.internal.Utils - [TestNG] Running:
  C:\Users\Dell\eclipse-workspace\seleniumWebDriver\Opencart\master.xml

12:14:00.246 [main] INFO  testCases.TC002_LoginTest - *****Starting TC002_LoginTest*****
12:14:02.835 [main] INFO  testCases.TC002_LoginTest - *****Starting TC002_LoginTest*****
12:14:49.030 [main] INFO  org.testng.internal.Utils - [TestNG] Running:
  C:\Users\Dell\eclipse-workspace\seleniumWebDriver\Opencart\master.xml

12:14:54.563 [main] INFO  testCases.TC001_AccountRegistrationTest - **** Starting TC001_AccountRegistrationTest ****
12:14:55.437 [main] INFO  testCases.TC001_AccountRegistrationTest -  Clicked on MyAccount Link 
12:14:56.284 [main] INFO  testCases.TC001_AccountRegistrationTest -  Clicked on Register Link 
12:14:56.288 [main] INFO  testCases.TC001_AccountRegistrationTest -  Providing Customer Details.... 
12:15:04.679 [main] INFO  testCases.TC001_AccountRegistrationTest -  Validating Expected Message... 
12:15:04.902 [main] INFO  testCases.TC001_AccountRegistrationTest - **** Finished TC001_AccountRegistrationTest ****
12:16:45.219 [main] INFO  org.testng.internal.Utils - [TestNG] Running:
  C:\Users\Dell\eclipse-workspace\seleniumWebDriver\Opencart\master.xml

12:19:08.280 [main] INFO  org.testng.internal.Utils - [TestNG] Running:
  C:\Users\Dell\eclipse-workspace\seleniumWebDriver\Opencart\master.xml

12:22:24.487 [main] INFO  org.testng.internal.Utils - [TestNG] Running:
  C:\Users\Dell\eclipse-workspace\seleniumWebDriver\Opencart\crossbrowsertesting.xml

14:09:11.214 [main] INFO  org.testng.internal.Utils - [TestNG] Running:
  C:\Users\Dell\eclipse-workspace\seleniumWebDriver\Opencart\crossbrowsertesting.xml

13:40:06.180 [main] INFO  org.testng.internal.Utils - [TestNG] Running:
  C:\Users\Dell\eclipse-workspace\seleniumWebDriver\Opencart\crossbrowsertesting.xml

14:46:05.144 [main] INFO  org.testng.internal.Utils - [TestNG] Running:
  C:\Users\Dell\eclipse-workspace\seleniumWebDriver\Opencart\grouping.xml

14:46:09.082 [main] INFO  testCases.TC002_LoginTest - *****Starting TC002_LoginTest*****
14:46:10.890 [main] INFO  testCases.TC002_LoginTest - *****Starting TC002_LoginTest*****
14:47:03.446 [main] INFO  org.testng.internal.Utils - [TestNG] Running:
  C:\Users\Dell\eclipse-workspace\seleniumWebDriver\Opencart\grouping.xml

14:47:07.108 [main] INFO  testCases.TC001_AccountRegistrationTest - **** Starting TC001_AccountRegistrationTest ****
14:47:07.599 [main] INFO  testCases.TC001_AccountRegistrationTest -  Clicked on MyAccount Link 
14:47:08.339 [main] INFO  testCases.TC001_AccountRegistrationTest -  Clicked on Register Link 
14:47:08.343 [main] INFO  testCases.TC001_AccountRegistrationTest -  Providing Customer Details.... 
14:47:15.188 [main] INFO  testCases.TC001_AccountRegistrationTest -  Validating Expected Message... 
14:47:15.262 [main] INFO  testCases.TC001_AccountRegistrationTest - **** Finished TC001_AccountRegistrationTest ****
14:47:19.488 [main] INFO  testCases.TC002_LoginTest - *****Starting TC002_LoginTest*****
14:47:21.228 [main] INFO  testCases.TC002_LoginTest - *****Starting TC002_LoginTest*****
14:48:05.338 [main] INFO  org.testng.internal.Utils - [TestNG] Running:
  C:\Users\Dell\eclipse-workspace\seleniumWebDriver\Opencart\grouping.xml

14:48:08.633 [main] INFO  testCases.TC001_AccountRegistrationTest - **** Starting TC001_AccountRegistrationTest ****
14:48:09.498 [main] INFO  testCases.TC001_AccountRegistrationTest -  Clicked on MyAccount Link 
